{
  "uid" : "b55c400668269a50",
  "name" : "test_failure",
  "fullName" : "allure_demo1#test_failure",
  "historyId" : "4ecf26dfb4dcf3da4442fd110e068614",
  "time" : {
    "start" : 1655274598024,
    "stop" : 1655274598024,
    "duration" : 0
  },
  "description" : "this test fails",
  "descriptionHtml" : "<p>this test fails</p>\n",
  "status" : "failed",
  "statusMessage" : "AssertionError: assert False",
  "statusTrace" : "def test_failure():\n        \"\"\"this test fails\"\"\"\n>       assert False\nE       assert False\n\nallure_demo1.py:10: AssertionError",
  "flaky" : false,
  "newFailed" : false,
  "newBroken" : false,
  "newPassed" : false,
  "retriesCount" : 0,
  "retriesStatusChange" : false,
  "beforeStages" : [ ],
  "afterStages" : [ ],
  "labels" : [ {
    "name" : "suite",
    "value" : "allure_demo1"
  }, {
    "name" : "host",
    "value" : "MacBook-Pro-6.local"
  }, {
    "name" : "thread",
    "value" : "19317-MainThread"
  }, {
    "name" : "framework",
    "value" : "pytest"
  }, {
    "name" : "language",
    "value" : "cpython3"
  }, {
    "name" : "package",
    "value" : "allure_demo1"
  }, {
    "name" : "resultFormat",
    "value" : "allure2"
  } ],
  "parameters" : [ ],
  "links" : [ ],
  "hidden" : false,
  "retry" : false,
  "extra" : {
    "severity" : "normal",
    "retries" : [ ],
    "categories" : [ {
      "name" : "Product defects",
      "matchedStatuses" : [ ],
      "flaky" : false
    } ],
    "tags" : [ ]
  },
  "source" : "b55c400668269a50.json",
  "parameterValues" : [ ]
}